Using pre-set license
Built from '2020.3/staging' branch; Version is '2020.3.11f1 (99c7afb366b3) revision 10078127'; Using compiler version '192528614'; Build Type 'Release'
OS: 'Windows 10 Home; OS build 19043.1110; Version 2009; 64bit' Language: 'en' Physical Memory: 32635 MB
BatchMode: 1, IsHumanControllingUs: 0, StartBugReporterOnCrash: 0, Is64bit: 1, IsPro: 0

 COMMAND LINE ARGUMENTS:
D:\programs\unity\2020.3.11f1\Editor\Unity.exe
-adb2
-batchMode
-noUpm
-name
AssetImportWorker0
-projectPath
D:/projects/unityProjects/3D projects/MazeWalker
-logFile
Logs/AssetImportWorker0.log
-srvPort
61090
Successfully changed project path to: D:/projects/unityProjects/3D projects/MazeWalker
D:/projects/unityProjects/3D projects/MazeWalker
Using Asset Import Pipeline V2.
Refreshing native plugins compatible for Editor in 21.60 ms, found 2 plugins.
Preloading 0 native plugins for Editor in 0.00 ms.
Initialize engine version: 2020.3.11f1 (99c7afb366b3)
[Subsystems] Discovering subsystems at path D:/programs/unity/2020.3.11f1/Editor/Data/Resources/UnitySubsystems
[Subsystems] Discovering subsystems at path D:/projects/unityProjects/3D projects/MazeWalker/Assets
GfxDevice: creating device client; threaded=0
Direct3D:
    Version:  Direct3D 11.0 [level 11.1]
    Renderer: NVIDIA GeForce GTX 1650 Ti (ID=0x1f95)
    Vendor:   
    VRAM:     3962 MB
    Driver:   27.21.14.6611
Initialize mono
Mono path[0] = 'D:/programs/unity/2020.3.11f1/Editor/Data/Managed'
Mono path[1] = 'D:/programs/unity/2020.3.11f1/Editor/Data/MonoBleedingEdge/lib/mono/unityjit'
Mono config path = 'D:/programs/unity/2020.3.11f1/Editor/Data/MonoBleedingEdge/etc'
Using monoOptions --debugger-agent=transport=dt_socket,embedding=1,server=y,suspend=n,address=127.0.0.1:56432
Begin MonoManager ReloadAssembly
Registering precompiled unity dll's ...
Register platform support module: D:/programs/unity/2020.3.11f1/Editor/Data/PlaybackEngines/WebGLSupport/UnityEditor.WebGL.Extensions.dll
Register platform support module: D:/programs/unity/2020.3.11f1/Editor/Data/PlaybackEngines/WindowsStandaloneSupport/UnityEditor.WindowsStandalone.Extensions.dll
Register platform support module: D:/programs/unity/2020.3.11f1/Editor/Data/PlaybackEngines/LuminSupport/UnityEditor.Lumin.Extensions.dll
Registered in 0.001028 seconds.
Native extension for Lumin target not found
Native extension for WindowsStandalone target not found
Native extension for WebGL target not found
Refreshing native plugins compatible for Editor in 21.38 ms, found 2 plugins.
Preloading 0 native plugins for Editor in 0.00 ms.
Mono: successfully reloaded assembly
- Completed reload, in  1.143 seconds
Platform modules already initialized, skipping
Registering precompiled user dll's ...
Registered in 0.001722 seconds.
Begin MonoManager ReloadAssembly
Native extension for Lumin target not found
Native extension for WindowsStandalone target not found
Native extension for WebGL target not found
Refreshing native plugins compatible for Editor in 0.26 ms, found 2 plugins.
Preloading 0 native plugins for Editor in 0.00 ms.
Mono: successfully reloaded assembly
- Completed reload, in  0.778 seconds
Platform modules already initialized, skipping
========================================================================
Worker process is ready to serve import requests
Launched and connected shader compiler UnityShaderCompiler.exe after 0.04 seconds
Refreshing native plugins compatible for Editor in 0.27 ms, found 2 plugins.
Preloading 0 native plugins for Editor in 0.00 ms.
Unloading 1386 Unused Serialized files (Serialized files now loaded: 0)
System memory in use before: 64.7 MB.
System memory in use after: 64.7 MB.

Unloading 19 unused Assets to reduce memory usage. Loaded Objects now: 1819.
Total: 1.755900 ms (FindLiveObjects: 0.139700 ms CreateObjectMapping: 0.041200 ms MarkObjects: 1.511200 ms  DeleteObjects: 0.063000 ms)

========================================================================
Received Import Request.
  path: Assets
  artifactKey: Guid(00000000000000001000000000000000) Importer(815301076,1909f56bfc062723c751e8b465ee728b)
Start importing Assets using Guid(00000000000000001000000000000000) Importer(815301076,1909f56bfc062723c751e8b465ee728b)  -> (artifact id: '42d402b061de3733987d63b9cc3b64de') in 0.006563 seconds
  Import took 0.088349 seconds .

========================================================================
Received Import Request.
  Time since last request: 7.836201 seconds.
  path: Assets/Materials
  artifactKey: Guid(6bc963da775c39648aeb119c0da872cc) Importer(815301076,1909f56bfc062723c751e8b465ee728b)
Start importing Assets/Materials using Guid(6bc963da775c39648aeb119c0da872cc) Importer(815301076,1909f56bfc062723c751e8b465ee728b)  -> (artifact id: '917f1c3997007229cc9f82bf40c6a4c9') in 0.004917 seconds
  Import took 0.007339 seconds .

========================================================================
Received Import Request.
  Time since last request: 6.761452 seconds.
  path: Assets/Scripts
  artifactKey: Guid(eef8f8e787cacb343865853b6c08d4e5) Importer(815301076,1909f56bfc062723c751e8b465ee728b)
Start importing Assets/Scripts using Guid(eef8f8e787cacb343865853b6c08d4e5) Importer(815301076,1909f56bfc062723c751e8b465ee728b)  -> (artifact id: '91f96a706d80e71d314b29ec11de48b9') in 0.004976 seconds
  Import took 0.006814 seconds .

========================================================================
Received Import Request.
  Time since last request: 17.128945 seconds.
  path: Assets/Materials/Plane.mat
  artifactKey: Guid(2c3e579e8019fec44ac6f3b46359128a) Importer(815301076,1909f56bfc062723c751e8b465ee728b)
Start importing Assets/Materials/Plane.mat using Guid(2c3e579e8019fec44ac6f3b46359128a) Importer(815301076,1909f56bfc062723c751e8b465ee728b)  -> (artifact id: '0859f7a2ec184815cf60e1d036282fa0') in 0.186196 seconds
  Import took 0.199734 seconds .

========================================================================
Received Import Request.
  Time since last request: 9.566473 seconds.
  path: Assets/Materials/Maze.mat
  artifactKey: Guid(f72a54a2dc29d4f40abf6b00ee22a245) Importer(815301076,1909f56bfc062723c751e8b465ee728b)
Start importing Assets/Materials/Maze.mat using Guid(f72a54a2dc29d4f40abf6b00ee22a245) Importer(815301076,1909f56bfc062723c751e8b465ee728b)  -> (artifact id: '1926953475919af4c07cfb4335406cf7') in 0.063397 seconds
  Import took 0.084770 seconds .

========================================================================
Received Import Request.
  Time since last request: 14.087161 seconds.
  path: Assets/Materials/Bot.mat
  artifactKey: Guid(11fa2e6316aa86b40b3d22459a5713b2) Importer(815301076,1909f56bfc062723c751e8b465ee728b)
Start importing Assets/Materials/Bot.mat using Guid(11fa2e6316aa86b40b3d22459a5713b2) Importer(815301076,1909f56bfc062723c751e8b465ee728b)  -> (artifact id: '1e6a63fc228cbf2ffd1d9b516e662b11') in 0.009296 seconds
  Import took 0.011364 seconds .

========================================================================
Received Import Request.
  Time since last request: 15.284300 seconds.
  path: Assets/Materials/Eyes.mat
  artifactKey: Guid(a0a6e62ff02d5b8458d3cabe7bc0cede) Importer(815301076,1909f56bfc062723c751e8b465ee728b)
Start importing Assets/Materials/Eyes.mat using Guid(a0a6e62ff02d5b8458d3cabe7bc0cede) Importer(815301076,1909f56bfc062723c751e8b465ee728b)  -> (artifact id: '95fbef3418bf482567e13bbc2160efb8') in 0.020328 seconds
  Import took 0.031468 seconds .

========================================================================
Received Import Request.
  Time since last request: 299.371313 seconds.
  path: ProjectSettings/TagManager.asset
  artifactKey: Guid(00000000000000003000000000000000) Importer(815301076,1909f56bfc062723c751e8b465ee728b)
Start importing ProjectSettings/TagManager.asset using Guid(00000000000000003000000000000000) Importer(815301076,1909f56bfc062723c751e8b465ee728b)  -> (artifact id: 'ce6a35c3cddc746e7501c0bd0ed6d4ce') in 0.006290 seconds
  Import took 0.015992 seconds .

========================================================================
Received Import Request.
  Time since last request: 0.002644 seconds.
  path: ProjectSettings/TagManager.asset
  artifactKey: Guid(00000000000000003000000000000000) Importer(815301076,1909f56bfc062723c751e8b465ee728b)
Start importing ProjectSettings/TagManager.asset using Guid(00000000000000003000000000000000) Importer(815301076,1909f56bfc062723c751e8b465ee728b)  -> (artifact id: 'ce6a35c3cddc746e7501c0bd0ed6d4ce') in 0.001958 seconds
  Import took 0.004050 seconds .

========================================================================
Received Import Request.
  Time since last request: 26.453522 seconds.
  path: Assets/Materials/Bot.mat
  artifactKey: Guid(11fa2e6316aa86b40b3d22459a5713b2) Importer(815301076,1909f56bfc062723c751e8b465ee728b)
Start importing Assets/Materials/Bot.mat using Guid(11fa2e6316aa86b40b3d22459a5713b2) Importer(815301076,1909f56bfc062723c751e8b465ee728b)  -> (artifact id: '09835ff79ec9302265370ad0bbf19a79') in 0.024654 seconds
  Import took 0.027535 seconds .

========================================================================
Received Import Request.
  Time since last request: 0.000299 seconds.
  path: Assets/Materials/Plane.mat
  artifactKey: Guid(2c3e579e8019fec44ac6f3b46359128a) Importer(815301076,1909f56bfc062723c751e8b465ee728b)
Start importing Assets/Materials/Plane.mat using Guid(2c3e579e8019fec44ac6f3b46359128a) Importer(815301076,1909f56bfc062723c751e8b465ee728b)  -> (artifact id: '90abcd5087eb4d23918419b0b9a266f3') in 0.015931 seconds
  Import took 0.017998 seconds .

========================================================================
Received Import Request.
  Time since last request: 0.000180 seconds.
  path: Assets/Materials/Eyes.mat
  artifactKey: Guid(a0a6e62ff02d5b8458d3cabe7bc0cede) Importer(815301076,1909f56bfc062723c751e8b465ee728b)
Start importing Assets/Materials/Eyes.mat using Guid(a0a6e62ff02d5b8458d3cabe7bc0cede) Importer(815301076,1909f56bfc062723c751e8b465ee728b)  -> (artifact id: '8225064a70125fa817c4f51e9358cf17') in 0.018692 seconds
  Import took 0.075472 seconds .

========================================================================
Received Import Request.
  Time since last request: 127.991427 seconds.
  path: Assets/Scripts/Brain.cs
  artifactKey: Guid(9d01fdbff36fec7468a145afae7a40a3) Importer(815301076,1909f56bfc062723c751e8b465ee728b)
Start importing Assets/Scripts/Brain.cs using Guid(9d01fdbff36fec7468a145afae7a40a3) Importer(815301076,1909f56bfc062723c751e8b465ee728b)  -> (artifact id: 'c81f07abafade5cd4f7e57e49312d62c') in 0.005457 seconds
  Import took 0.055284 seconds .

========================================================================
Received Import Request.
  Time since last request: 5.726161 seconds.
  path: Assets/Scripts/DNA.cs
  artifactKey: Guid(8dd1956d95b56364d96235c30c29decb) Importer(815301076,1909f56bfc062723c751e8b465ee728b)
Start importing Assets/Scripts/DNA.cs using Guid(8dd1956d95b56364d96235c30c29decb) Importer(815301076,1909f56bfc062723c751e8b465ee728b)  -> (artifact id: '25d7edfabc5aaee4a50c5d693ef52e63') in 0.005719 seconds
  Import took 0.008047 seconds .

========================================================================
Received Prepare
Registering precompiled user dll's ...
Registered in 0.001654 seconds.
Begin MonoManager ReloadAssembly
Native extension for Lumin target not found
Native extension for WindowsStandalone target not found
Native extension for WebGL target not found
Refreshing native plugins compatible for Editor in 0.26 ms, found 2 plugins.
Preloading 0 native plugins for Editor in 0.00 ms.
Mono: successfully reloaded assembly
- Completed reload, in  0.753 seconds
Platform modules already initialized, skipping
Refreshing native plugins compatible for Editor in 0.25 ms, found 2 plugins.
Preloading 0 native plugins for Editor in 0.00 ms.
Unloading 1383 Unused Serialized files (Serialized files now loaded: 0)
System memory in use before: 68.0 MB.
System memory in use after: 68.1 MB.

Unloading 16 unused Assets to reduce memory usage. Loaded Objects now: 1864.
Total: 1.641600 ms (FindLiveObjects: 0.126200 ms CreateObjectMapping: 0.042400 ms MarkObjects: 1.380400 ms  DeleteObjects: 0.092000 ms)

========================================================================
Received Prepare
Registering precompiled user dll's ...
Registered in 0.002100 seconds.
Begin MonoManager ReloadAssembly
Native extension for Lumin target not found
Native extension for WindowsStandalone target not found
Native extension for WebGL target not found
Refreshing native plugins compatible for Editor in 0.27 ms, found 2 plugins.
Preloading 0 native plugins for Editor in 0.00 ms.
Mono: successfully reloaded assembly
- Completed reload, in  0.754 seconds
Platform modules already initialized, skipping
Refreshing native plugins compatible for Editor in 0.26 ms, found 2 plugins.
Preloading 0 native plugins for Editor in 0.00 ms.
Unloading 1383 Unused Serialized files (Serialized files now loaded: 0)
System memory in use before: 68.0 MB.
System memory in use after: 68.1 MB.

Unloading 14 unused Assets to reduce memory usage. Loaded Objects now: 1867.
Total: 1.557700 ms (FindLiveObjects: 0.126800 ms CreateObjectMapping: 0.040400 ms MarkObjects: 1.311400 ms  DeleteObjects: 0.078300 ms)

========================================================================
Received Import Request.
  Time since last request: 1052.307904 seconds.
  path: Assets/Scripts/DNA.cs
  artifactKey: Guid(8dd1956d95b56364d96235c30c29decb) Importer(815301076,1909f56bfc062723c751e8b465ee728b)
Start importing Assets/Scripts/DNA.cs using Guid(8dd1956d95b56364d96235c30c29decb) Importer(815301076,1909f56bfc062723c751e8b465ee728b)  -> (artifact id: '3d0963cd99636671352f3f84d5ff4145') in 0.003223 seconds
  Import took 0.005158 seconds .

========================================================================
Received Import Request.
  Time since last request: 6.478808 seconds.
  path: ProjectSettings/TagManager.asset
  artifactKey: Guid(00000000000000003000000000000000) Importer(815301076,1909f56bfc062723c751e8b465ee728b)
Start importing ProjectSettings/TagManager.asset using Guid(00000000000000003000000000000000) Importer(815301076,1909f56bfc062723c751e8b465ee728b)  -> (artifact id: 'b46765422b7447ca1360cc78f0c1ab35') in 0.006869 seconds
  Import took 0.008960 seconds .

========================================================================
Received Prepare
Registering precompiled user dll's ...
Registered in 0.001822 seconds.
Begin MonoManager ReloadAssembly
Native extension for Lumin target not found
Native extension for WindowsStandalone target not found
Native extension for WebGL target not found
Refreshing native plugins compatible for Editor in 0.27 ms, found 2 plugins.
Preloading 0 native plugins for Editor in 0.00 ms.
Mono: successfully reloaded assembly
- Completed reload, in  0.775 seconds
Platform modules already initialized, skipping
Refreshing native plugins compatible for Editor in 0.26 ms, found 2 plugins.
Preloading 0 native plugins for Editor in 0.00 ms.
Unloading 1383 Unused Serialized files (Serialized files now loaded: 0)
System memory in use before: 68.0 MB.
System memory in use after: 68.1 MB.

Unloading 15 unused Assets to reduce memory usage. Loaded Objects now: 1870.
Total: 1.645800 ms (FindLiveObjects: 0.138800 ms CreateObjectMapping: 0.043200 ms MarkObjects: 1.414500 ms  DeleteObjects: 0.048400 ms)

========================================================================
Received Prepare
Registering precompiled user dll's ...
Registered in 0.001926 seconds.
Begin MonoManager ReloadAssembly
Native extension for Lumin target not found
Native extension for WindowsStandalone target not found
Native extension for WebGL target not found
Refreshing native plugins compatible for Editor in 0.29 ms, found 2 plugins.
Preloading 0 native plugins for Editor in 0.00 ms.
Mono: successfully reloaded assembly
- Completed reload, in  0.775 seconds
Platform modules already initialized, skipping
Refreshing native plugins compatible for Editor in 0.27 ms, found 2 plugins.
Preloading 0 native plugins for Editor in 0.00 ms.
Unloading 1383 Unused Serialized files (Serialized files now loaded: 0)
System memory in use before: 68.0 MB.
System memory in use after: 68.1 MB.

Unloading 14 unused Assets to reduce memory usage. Loaded Objects now: 1873.
Total: 1.532300 ms (FindLiveObjects: 0.127000 ms CreateObjectMapping: 0.041600 ms MarkObjects: 1.308500 ms  DeleteObjects: 0.054300 ms)

========================================================================
Received Prepare
Registering precompiled user dll's ...
Registered in 0.001636 seconds.
Begin MonoManager ReloadAssembly
Native extension for Lumin target not found
Native extension for WindowsStandalone target not found
Native extension for WebGL target not found
Refreshing native plugins compatible for Editor in 0.42 ms, found 2 plugins.
Preloading 0 native plugins for Editor in 0.00 ms.
Mono: successfully reloaded assembly
- Completed reload, in  0.773 seconds
Platform modules already initialized, skipping
Refreshing native plugins compatible for Editor in 0.29 ms, found 2 plugins.
Preloading 0 native plugins for Editor in 0.00 ms.
Unloading 1383 Unused Serialized files (Serialized files now loaded: 0)
System memory in use before: 68.0 MB.
System memory in use after: 68.1 MB.

Unloading 14 unused Assets to reduce memory usage. Loaded Objects now: 1876.
Total: 1.653100 ms (FindLiveObjects: 0.137500 ms CreateObjectMapping: 0.040600 ms MarkObjects: 1.410000 ms  DeleteObjects: 0.064100 ms)

========================================================================
Received Import Request.
  Time since last request: 1288.680505 seconds.
  path: Assets/Prefabs
  artifactKey: Guid(9e060c6b00791d943b8a0435cfff5bd2) Importer(815301076,1909f56bfc062723c751e8b465ee728b)
Start importing Assets/Prefabs using Guid(9e060c6b00791d943b8a0435cfff5bd2) Importer(815301076,1909f56bfc062723c751e8b465ee728b)  -> (artifact id: '70070a1a955901132f6de0b234ae6b50') in 0.006727 seconds
  Import took 0.008997 seconds .

========================================================================
Received Import Request.
  Time since last request: 3.465733 seconds.
  path: Assets/Prefabs/Bot.prefab
  artifactKey: Guid(fbc13bddd68922a429678a98ac64a808) Importer(815301076,1909f56bfc062723c751e8b465ee728b)
Start importing Assets/Prefabs/Bot.prefab using Guid(fbc13bddd68922a429678a98ac64a808) Importer(815301076,1909f56bfc062723c751e8b465ee728b)  -> (artifact id: '3ce70801e61f1f2d2d8b92f7fb260405') in 0.045841 seconds
  Import took 0.048490 seconds .

========================================================================
Received Import Request.
  Time since last request: 246.310040 seconds.
  path: Assets/Scripts/PopulationManager.cs
  artifactKey: Guid(9d1efd159e280a748938860d347687a7) Importer(815301076,1909f56bfc062723c751e8b465ee728b)
Start importing Assets/Scripts/PopulationManager.cs using Guid(9d1efd159e280a748938860d347687a7) Importer(815301076,1909f56bfc062723c751e8b465ee728b)  -> (artifact id: 'b3ea4c5c671e3c610a2f3a629e2f6f04') in 0.005073 seconds
  Import took 0.007403 seconds .

========================================================================
Received Prepare
Registering precompiled user dll's ...
Registered in 0.001776 seconds.
Begin MonoManager ReloadAssembly
Native extension for Lumin target not found
Native extension for WindowsStandalone target not found
Native extension for WebGL target not found
Refreshing native plugins compatible for Editor in 0.29 ms, found 2 plugins.
Preloading 0 native plugins for Editor in 0.00 ms.
Mono: successfully reloaded assembly
- Completed reload, in  0.788 seconds
Platform modules already initialized, skipping
Refreshing native plugins compatible for Editor in 0.46 ms, found 2 plugins.
Preloading 0 native plugins for Editor in 0.00 ms.
Unloading 1384 Unused Serialized files (Serialized files now loaded: 0)
System memory in use before: 68.1 MB.
System memory in use after: 68.2 MB.

Unloading 14 unused Assets to reduce memory usage. Loaded Objects now: 1883.
Total: 1.659800 ms (FindLiveObjects: 0.132800 ms CreateObjectMapping: 0.042100 ms MarkObjects: 1.408500 ms  DeleteObjects: 0.075600 ms)

========================================================================
Received Prepare
Registering precompiled user dll's ...
Registered in 0.002034 seconds.
Begin MonoManager ReloadAssembly
Native extension for Lumin target not found
Native extension for WindowsStandalone target not found
Native extension for WebGL target not found
Refreshing native plugins compatible for Editor in 0.27 ms, found 2 plugins.
Preloading 0 native plugins for Editor in 0.00 ms.
Mono: successfully reloaded assembly
- Completed reload, in  0.809 seconds
Platform modules already initialized, skipping
Refreshing native plugins compatible for Editor in 0.29 ms, found 2 plugins.
Preloading 0 native plugins for Editor in 0.00 ms.
Unloading 1384 Unused Serialized files (Serialized files now loaded: 0)
System memory in use before: 68.1 MB.
System memory in use after: 68.2 MB.

Unloading 14 unused Assets to reduce memory usage. Loaded Objects now: 1886.
Total: 1.631700 ms (FindLiveObjects: 0.140500 ms CreateObjectMapping: 0.042100 ms MarkObjects: 1.400900 ms  DeleteObjects: 0.047300 ms)

========================================================================
Received Import Request.
  Time since last request: 1094.299723 seconds.
  path: Assets/Scripts/PopulationManager.cs
  artifactKey: Guid(9d1efd159e280a748938860d347687a7) Importer(815301076,1909f56bfc062723c751e8b465ee728b)
Start importing Assets/Scripts/PopulationManager.cs using Guid(9d1efd159e280a748938860d347687a7) Importer(815301076,1909f56bfc062723c751e8b465ee728b)  -> (artifact id: '9f2d7645d33d871b374d3b8baabb90d5') in 0.002800 seconds
  Import took 0.004637 seconds .

========================================================================
Received Prepare
Registering precompiled user dll's ...
Registered in 0.001772 seconds.
Begin MonoManager ReloadAssembly
Native extension for Lumin target not found
Native extension for WindowsStandalone target not found
Native extension for WebGL target not found
Refreshing native plugins compatible for Editor in 0.28 ms, found 2 plugins.
Preloading 0 native plugins for Editor in 0.00 ms.
Mono: successfully reloaded assembly
- Completed reload, in  0.757 seconds
Platform modules already initialized, skipping
Refreshing native plugins compatible for Editor in 0.28 ms, found 2 plugins.
Preloading 0 native plugins for Editor in 0.00 ms.
Unloading 1384 Unused Serialized files (Serialized files now loaded: 0)
System memory in use before: 68.2 MB.
System memory in use after: 68.2 MB.

Unloading 14 unused Assets to reduce memory usage. Loaded Objects now: 1889.
Total: 1.649800 ms (FindLiveObjects: 0.126600 ms CreateObjectMapping: 0.041100 ms MarkObjects: 1.411400 ms  DeleteObjects: 0.070100 ms)

========================================================================
Received Import Request.
  Time since last request: 1063.127930 seconds.
  path: ProjectSettings/TagManager.asset
  artifactKey: Guid(00000000000000003000000000000000) Importer(815301076,1909f56bfc062723c751e8b465ee728b)
Start importing ProjectSettings/TagManager.asset using Guid(00000000000000003000000000000000) Importer(815301076,1909f56bfc062723c751e8b465ee728b)  -> (artifact id: '404f55e5913a9ee9e28cbb2f1e54e931') in 0.013189 seconds
  Import took 0.016327 seconds .

========================================================================
Received Prepare
Registering precompiled user dll's ...
Registered in 0.001714 seconds.
Begin MonoManager ReloadAssembly
Native extension for Lumin target not found
Native extension for WindowsStandalone target not found
Native extension for WebGL target not found
Refreshing native plugins compatible for Editor in 0.26 ms, found 2 plugins.
Preloading 0 native plugins for Editor in 0.00 ms.
Mono: successfully reloaded assembly
- Completed reload, in  0.750 seconds
Platform modules already initialized, skipping
Refreshing native plugins compatible for Editor in 0.27 ms, found 2 plugins.
Preloading 0 native plugins for Editor in 0.00 ms.
Unloading 1384 Unused Serialized files (Serialized files now loaded: 0)
System memory in use before: 68.2 MB.
System memory in use after: 68.2 MB.

Unloading 15 unused Assets to reduce memory usage. Loaded Objects now: 1892.
Total: 1.544800 ms (FindLiveObjects: 0.131900 ms CreateObjectMapping: 0.043300 ms MarkObjects: 1.324200 ms  DeleteObjects: 0.044600 ms)

========================================================================
Received Prepare
Registering precompiled user dll's ...
Registered in 0.001783 seconds.
Begin MonoManager ReloadAssembly
Native extension for Lumin target not found
Native extension for WindowsStandalone target not found
Native extension for WebGL target not found
Refreshing native plugins compatible for Editor in 0.30 ms, found 2 plugins.
Preloading 0 native plugins for Editor in 0.00 ms.
Mono: successfully reloaded assembly
- Completed reload, in  0.749 seconds
Platform modules already initialized, skipping
Refreshing native plugins compatible for Editor in 0.31 ms, found 2 plugins.
Preloading 0 native plugins for Editor in 0.00 ms.
Unloading 1384 Unused Serialized files (Serialized files now loaded: 0)
System memory in use before: 68.2 MB.
System memory in use after: 68.2 MB.

Unloading 14 unused Assets to reduce memory usage. Loaded Objects now: 1895.
Total: 1.620900 ms (FindLiveObjects: 0.143500 ms CreateObjectMapping: 0.045500 ms MarkObjects: 1.389700 ms  DeleteObjects: 0.041300 ms)

========================================================================
Received Prepare
Registering precompiled user dll's ...
Registered in 0.001751 seconds.
Begin MonoManager ReloadAssembly
Native extension for Lumin target not found
Native extension for WindowsStandalone target not found
Native extension for WebGL target not found
Refreshing native plugins compatible for Editor in 0.28 ms, found 2 plugins.
Preloading 0 native plugins for Editor in 0.00 ms.
Mono: successfully reloaded assembly
- Completed reload, in  0.744 seconds
Platform modules already initialized, skipping
Refreshing native plugins compatible for Editor in 0.26 ms, found 2 plugins.
Preloading 0 native plugins for Editor in 0.00 ms.
Unloading 1384 Unused Serialized files (Serialized files now loaded: 0)
System memory in use before: 68.2 MB.
System memory in use after: 68.3 MB.

Unloading 14 unused Assets to reduce memory usage. Loaded Objects now: 1898.
Total: 1.518100 ms (FindLiveObjects: 0.129200 ms CreateObjectMapping: 0.041200 ms MarkObjects: 1.307100 ms  DeleteObjects: 0.039900 ms)

========================================================================
Received Prepare
Registering precompiled user dll's ...
Registered in 0.001865 seconds.
Begin MonoManager ReloadAssembly
Native extension for Lumin target not found
Native extension for WindowsStandalone target not found
Native extension for WebGL target not found
Refreshing native plugins compatible for Editor in 0.31 ms, found 2 plugins.
Preloading 0 native plugins for Editor in 0.00 ms.
Mono: successfully reloaded assembly
- Completed reload, in  0.811 seconds
Platform modules already initialized, skipping
Refreshing native plugins compatible for Editor in 0.27 ms, found 2 plugins.
Preloading 0 native plugins for Editor in 0.00 ms.
Unloading 1384 Unused Serialized files (Serialized files now loaded: 0)
System memory in use before: 68.2 MB.
System memory in use after: 68.3 MB.

Unloading 14 unused Assets to reduce memory usage. Loaded Objects now: 1901.
Total: 1.803400 ms (FindLiveObjects: 0.135000 ms CreateObjectMapping: 0.042200 ms MarkObjects: 1.572400 ms  DeleteObjects: 0.052900 ms)

========================================================================
Received Prepare
Registering precompiled user dll's ...
Registered in 0.001882 seconds.
Begin MonoManager ReloadAssembly
Native extension for Lumin target not found
Native extension for WindowsStandalone target not found
Native extension for WebGL target not found
Refreshing native plugins compatible for Editor in 0.28 ms, found 2 plugins.
Preloading 0 native plugins for Editor in 0.00 ms.
Mono: successfully reloaded assembly
- Completed reload, in  0.757 seconds
Platform modules already initialized, skipping
Refreshing native plugins compatible for Editor in 0.27 ms, found 2 plugins.
Preloading 0 native plugins for Editor in 0.00 ms.
Unloading 1384 Unused Serialized files (Serialized files now loaded: 0)
System memory in use before: 68.2 MB.
System memory in use after: 68.3 MB.

Unloading 14 unused Assets to reduce memory usage. Loaded Objects now: 1904.
Total: 1.699000 ms (FindLiveObjects: 0.133200 ms CreateObjectMapping: 0.040600 ms MarkObjects: 1.480500 ms  DeleteObjects: 0.043900 ms)

========================================================================
Received Prepare
Registering precompiled user dll's ...
Registered in 0.001791 seconds.
Begin MonoManager ReloadAssembly
Native extension for Lumin target not found
Native extension for WindowsStandalone target not found
Native extension for WebGL target not found
Refreshing native plugins compatible for Editor in 0.26 ms, found 2 plugins.
Preloading 0 native plugins for Editor in 0.00 ms.
Mono: successfully reloaded assembly
- Completed reload, in  0.761 seconds
Platform modules already initialized, skipping
Refreshing native plugins compatible for Editor in 0.28 ms, found 2 plugins.
Preloading 0 native plugins for Editor in 0.00 ms.
Unloading 1384 Unused Serialized files (Serialized files now loaded: 0)
System memory in use before: 68.2 MB.
System memory in use after: 68.3 MB.

Unloading 14 unused Assets to reduce memory usage. Loaded Objects now: 1907.
Total: 1.706300 ms (FindLiveObjects: 0.148400 ms CreateObjectMapping: 0.042100 ms MarkObjects: 1.445600 ms  DeleteObjects: 0.069400 ms)

========================================================================
Received Prepare
Registering precompiled user dll's ...
Registered in 0.002452 seconds.
Begin MonoManager ReloadAssembly
Native extension for Lumin target not found
Native extension for WindowsStandalone target not found
Native extension for WebGL target not found
Refreshing native plugins compatible for Editor in 0.26 ms, found 2 plugins.
Preloading 0 native plugins for Editor in 0.00 ms.
Mono: successfully reloaded assembly
- Completed reload, in  0.778 seconds
Platform modules already initialized, skipping
Refreshing native plugins compatible for Editor in 0.46 ms, found 2 plugins.
Preloading 0 native plugins for Editor in 0.00 ms.
Unloading 1384 Unused Serialized files (Serialized files now loaded: 0)
System memory in use before: 68.2 MB.
System memory in use after: 68.3 MB.

Unloading 14 unused Assets to reduce memory usage. Loaded Objects now: 1910.
Total: 1.864200 ms (FindLiveObjects: 0.161400 ms CreateObjectMapping: 0.044200 ms MarkObjects: 1.593700 ms  DeleteObjects: 0.063900 ms)

========================================================================
Received Prepare
Registering precompiled user dll's ...
Registered in 0.001745 seconds.
Begin MonoManager ReloadAssembly
Native extension for Lumin target not found
Native extension for WindowsStandalone target not found
Native extension for WebGL target not found
Refreshing native plugins compatible for Editor in 0.29 ms, found 2 plugins.
Preloading 0 native plugins for Editor in 0.00 ms.
Mono: successfully reloaded assembly
- Completed reload, in  0.783 seconds
Platform modules already initialized, skipping
Refreshing native plugins compatible for Editor in 0.28 ms, found 2 plugins.
Preloading 0 native plugins for Editor in 0.00 ms.
Unloading 1384 Unused Serialized files (Serialized files now loaded: 0)
System memory in use before: 68.2 MB.
System memory in use after: 68.3 MB.

Unloading 14 unused Assets to reduce memory usage. Loaded Objects now: 1913.
Total: 1.570800 ms (FindLiveObjects: 0.145700 ms CreateObjectMapping: 0.041400 ms MarkObjects: 1.341800 ms  DeleteObjects: 0.041100 ms)

========================================================================
Received Prepare
Registering precompiled user dll's ...
Registered in 0.002017 seconds.
Begin MonoManager ReloadAssembly
Native extension for Lumin target not found
Native extension for WindowsStandalone target not found
Native extension for WebGL target not found
Refreshing native plugins compatible for Editor in 0.30 ms, found 2 plugins.
Preloading 0 native plugins for Editor in 0.00 ms.
Mono: successfully reloaded assembly
- Completed reload, in  0.780 seconds
Platform modules already initialized, skipping
Refreshing native plugins compatible for Editor in 0.29 ms, found 2 plugins.
Preloading 0 native plugins for Editor in 0.00 ms.
Unloading 1384 Unused Serialized files (Serialized files now loaded: 0)
System memory in use before: 68.2 MB.
System memory in use after: 68.3 MB.

Unloading 14 unused Assets to reduce memory usage. Loaded Objects now: 1916.
Total: 1.556100 ms (FindLiveObjects: 0.138800 ms CreateObjectMapping: 0.042500 ms MarkObjects: 1.331900 ms  DeleteObjects: 0.042200 ms)

========================================================================
Received Import Request.
  Time since last request: 2065.886995 seconds.
  path: Assets/Prefabs/Bot.prefab
  artifactKey: Guid(fbc13bddd68922a429678a98ac64a808) Importer(815301076,1909f56bfc062723c751e8b465ee728b)
Start importing Assets/Prefabs/Bot.prefab using Guid(fbc13bddd68922a429678a98ac64a808) Importer(815301076,1909f56bfc062723c751e8b465ee728b)  -> (artifact id: '31b2819487c032e0351ac398426f2a52') in 0.050786 seconds
  Import took 0.052907 seconds .

========================================================================
Received Prepare
Registering precompiled user dll's ...
Registered in 0.001916 seconds.
Begin MonoManager ReloadAssembly
Native extension for Lumin target not found
Native extension for WindowsStandalone target not found
Native extension for WebGL target not found
Refreshing native plugins compatible for Editor in 0.26 ms, found 2 plugins.
Preloading 0 native plugins for Editor in 0.00 ms.
Mono: successfully reloaded assembly
- Completed reload, in  0.736 seconds
Platform modules already initialized, skipping
Refreshing native plugins compatible for Editor in 0.30 ms, found 2 plugins.
Preloading 0 native plugins for Editor in 0.00 ms.
Unloading 1384 Unused Serialized files (Serialized files now loaded: 0)
System memory in use before: 68.2 MB.
System memory in use after: 68.3 MB.

Unloading 14 unused Assets to reduce memory usage. Loaded Objects now: 1920.
Total: 1.657500 ms (FindLiveObjects: 0.146800 ms CreateObjectMapping: 0.040700 ms MarkObjects: 1.414800 ms  DeleteObjects: 0.054400 ms)

========================================================================
Received Prepare
Registering precompiled user dll's ...
Registered in 0.001907 seconds.
Begin MonoManager ReloadAssembly
Native extension for Lumin target not found
Native extension for WindowsStandalone target not found
Native extension for WebGL target not found
Refreshing native plugins compatible for Editor in 0.33 ms, found 2 plugins.
Preloading 0 native plugins for Editor in 0.00 ms.
Mono: successfully reloaded assembly
- Completed reload, in  0.712 seconds
Platform modules already initialized, skipping
Refreshing native plugins compatible for Editor in 0.29 ms, found 2 plugins.
Preloading 0 native plugins for Editor in 0.00 ms.
Unloading 1384 Unused Serialized files (Serialized files now loaded: 0)
System memory in use before: 68.2 MB.
System memory in use after: 68.3 MB.

Unloading 14 unused Assets to reduce memory usage. Loaded Objects now: 1923.
Total: 1.968200 ms (FindLiveObjects: 0.150600 ms CreateObjectMapping: 0.084600 ms MarkObjects: 1.669800 ms  DeleteObjects: 0.062300 ms)

